8:46:48;/;Page non trouvée
8:46:55;/devzone-api/;Page non trouvée
8:47:34;/devzone-api/;Page non trouvée
8:47:36;/devzone-api/;Page non trouvée
8:47:42;/devzone-api/;Page non trouvée
8:47:48;/devzone-api/;Page non trouvée
8:47:49;/devzone-api/;Page non trouvée
9:51:37;/devzone-api/;Page non trouvée
14:9:12;/user;Page non trouvée
14:34:11;/signup;Page non trouvée
15:9:19;/signup;Page non trouvée
15:17:27;/signup;Page non trouvée
15:17:28;/signup;Page non trouvée
15:17:39;/signup;Page non trouvée
15:18:12;/signup;Page non trouvée
15:18:19;/;Page non trouvée
15:18:40;/;Page non trouvée
15:21:12;/;Page non trouvée
15:21:21;/favicon.ico;Page non trouvée
15:29:31;/signup;Page non trouvée
15:31:49;/signup;Page non trouvée
15:31:51;/signup;Page non trouvée
15:33:14;/signup;Page non trouvée
15:33:15;/signup;Page non trouvée
15:34:6;/signup;Page non trouvée
15:34:7;/signup;Page non trouvée
15:34:29;/signup;Page non trouvée
15:35:11;/signup;Page non trouvée
15:37:43;/signup;Page non trouvée
15:37:44;/signup;Page non trouvée
