
9:20:58;/_next/static/chunks/react-refresh.js?ts=1675355896821;Page non trouvée
9:20:58;/_next/static/chunks/webpack.js?ts=1675355896821;Page non trouvée
9:20:58;/_next/static/chunks/main.js?ts=1675355896821;Page non trouvée
9:20:58;/_next/static/chunks/pages/_app.js?ts=1675355896821;Page non trouvée
9:20:58;/_next/static/chunks/pages/_error.js?ts=1675355896821;Page non trouvée
9:20:58;/_next/static/development/_buildManifest.js?ts=1675355896821;Page non trouvée
9:20:58;/_next/static/development/_ssgManifest.js?ts=1675355896821;Page non trouvée
11:10:48;/users;Page non trouvée
11:12:47;/userss;Page non trouvée
<<<<<<< HEAD

9:10:34;/;Page non trouvée
9:10:45;/tool;Page non trouvée
9:11:27;/tool;Page non trouvée
9:11:49;/favicon.ico;Page non trouvée
9:12:1;/devzone-api/;Page non trouvée
10:2:39;/user;Page non trouvée
10:3:59;/user;Page non trouvée
10:6:59;/user/1;Page non trouvée
10:7:10;/tool;Page non trouvée
10:7:25;/user/1;Page non trouvée
10:26:30;/user;Page non trouvée
10:28:23;/user;Page non trouvée
10:31:30;/user/1;Page non trouvée
10:32:4;/user/1;Page non trouvée
10:34:20;/user;Page non trouvée
10:34:32;/users/1;Page non trouvée
12:57:24;/user/9;Page non trouvée
12:58:41;/user/9;Page non trouvée


9:20:58;/_next/static/chunks/react-refresh.js?ts=1675355896821;Page non trouvée
9:20:58;/_next/static/chunks/webpack.js?ts=1675355896821;Page non trouvée
9:20:58;/_next/static/chunks/main.js?ts=1675355896821;Page non trouvée
9:20:58;/_next/static/chunks/pages/_app.js?ts=1675355896821;Page non trouvée
9:20:58;/_next/static/chunks/pages/_error.js?ts=1675355896821;Page non trouvée
9:20:58;/_next/static/development/_buildManifest.js?ts=1675355896821;Page non trouvée
9:20:58;/_next/static/development/_ssgManifest.js?ts=1675355896821;Page non trouvée
11:10:48;/users;Page non trouvée
11:12:47;/userss;Page non trouvée





13:39:59;/users/1;Page non trouvée
13:40:6;/user/1;Page non trouvée


=======
13:39:59;/users/1;Page non trouvée
13:40:6;/user/1;Page non trouvée
>>>>>>> feature/50/update-database
